2018/11/08 08:25:57 AM Analog Fail Check Start
2018/11/08 08:27:51 AM Analog Fail Check Start
2018/11/08 08:53:49 AM Analog Fail Check Start
2018/11/08 09:16:16 AM Analog Fail Check Start
2018/11/08 09:17:28 AM Analog Fail Check Start
2018/11/08 09:22:02 AM Analog Fail Check Start
2018/11/08 09:25:16 AM Analog Fail Check Start
2018/11/08 09:26:09 AM Analog Fail Check Start
2018/11/08 09:34:32 AM PowerCheck Start
2018/11/08 09:38:59 AM PowerCheck Finish
2018/11/08 09:40:06 AM Analog Fail Check Start
2018/11/08 10:10:59 AM Analog Fail Check Start
2018/11/08 10:30:58 AM Analog Fail Check Start
2018/11/08 10:34:48 AM Analog Fail Check Start
2018/11/08 10:38:26 AM Short Start
2018/11/08 11:12:59 AM PowerCheck Start
2018/11/08 11:14:34 AM PowerCheck Start
2018/11/08 11:22:08 AM PowerCheck Start
2018/11/08 11:28:03 AM PowerCheck Start
2018/11/08 11:31:43 AM PowerCheck Start
2018/11/08 11:35:29 AM PowerCheck Start
2018/11/08 11:41:02 AM PowerCheck Start
2018/11/08 11:47:46 AM PowerCheck Start
2018/11/08 11:49:06 AM PowerCheck Start
2018/11/08 11:52:31 AM PowerCheck Start
2018/11/08 11:53:27 AM PowerCheck Start
2018/11/08 01:40:19 PM PowerCheck Start
2018/11/08 01:41:47 PM PowerCheck Start
2018/11/08 01:46:03 PM PowerCheck Start
2018/11/08 01:47:19 PM PowerCheck Start
2018/11/08 01:48:16 PM PowerCheck Start
2018/11/08 01:55:45 PM PowerCheck Start
2018/11/08 01:57:25 PM PowerCheck Start
2018/11/08 01:58:03 PM PowerCheck Start
2018/11/08 02:03:39 PM PowerCheck Finish
2018/11/08 02:22:50 PM PowerCheck Start
2018/11/08 02:28:17 PM PowerCheck Finish
2018/11/08 02:56:38 PM PowerCheck Start
2018/11/08 02:56:43 PM Analog Fail Check Start
2018/11/08 03:02:49 PM PowerCheck Finish
2018/11/08 03:55:24 PM PowerCheck Start
2018/11/08 03:56:51 PM Analog Fail Check Start
2018/11/08 04:01:38 PM PowerCheck Finish
2018/11/08 04:30:12 PM PowerCheck Start
2018/11/08 04:33:01 PM Analog Fail Check Start
2018/11/08 04:33:38 PM PowerCheck Start
2018/11/08 04:38:09 PM PowerCheck Finish
2018/11/08 05:19:53 PM PowerCheck Start
2018/11/08 05:23:31 PM PowerCheck Start
2018/11/08 05:31:41 PM PowerCheck Finish
2018/11/08 10:49:17 PM Analog Fail Check Finish
