2018/11/19 07:59:10 AM Analog Fail Check Start
2018/11/19 08:10:17 AM Analog Fail Check Start
2018/11/19 09:10:32 AM PowerCheck Start
2018/11/19 09:54:04 AM PowerCheck Start
2018/11/19 09:55:22 AM PowerCheck Start
2018/11/19 09:56:06 AM PowerCheck Start
2018/11/19 09:57:50 AM PowerCheck Finish
2018/11/19 10:04:11 AM PowerCheck Start
2018/11/19 10:05:43 AM PowerCheck Start
2018/11/19 10:07:24 AM PowerCheck Finish
2018/11/19 10:07:35 AM Short Start
2018/11/19 10:09:37 AM AnalogPowered Start
2018/11/19 10:11:48 AM Testjet Start
2018/11/19 10:12:57 AM AnalogPowered Finish
2018/11/19 10:43:20 AM Short Finish
2018/11/19 11:20:21 AM Testjet Finish
2018/11/19 11:57:07 AM PowerCheck Start
2018/11/19 11:58:52 AM PowerCheck Finish
2018/11/19 12:00:27 PM PowerCheck Start
2018/11/19 12:01:52 PM PowerCheck Finish
2018/11/19 01:37:34 PM PowerCheck Start
2018/11/19 01:39:19 PM PowerCheck Finish
2018/11/19 02:36:55 PM Testjet Start
2018/11/19 02:40:31 PM Testjet Start
2018/11/19 02:45:10 PM PowerCheck Start
2018/11/19 02:47:38 PM PowerCheck Finish
2018/11/19 02:49:58 PM Analog Fail Check Start
2018/11/19 02:51:36 PM BoundaryScan Start
2018/11/19 02:54:46 PM BoundaryScan Finish
2018/11/19 03:22:26 PM AnalogPowered Start
2018/11/19 03:23:53 PM AnalogPowered Start
2018/11/19 03:24:20 PM AnalogPowered Start
2018/11/19 03:24:53 PM AnalogPowered Start
2018/11/19 03:27:20 PM AnalogPowered Start
2018/11/19 03:30:29 PM AnalogPowered Finish
2018/11/19 03:33:29 PM AnalogPowered Start
2018/11/19 03:33:42 PM AnalogPowered Start
2018/11/19 03:36:42 PM AnalogPowered Finish
2018/11/19 03:49:00 PM AnalogPowered Start
2018/11/19 03:49:35 PM Testjet Finish
2018/11/19 03:50:48 PM AnalogPowered Finish
