2018/11/10 10:40:58 AM Analog Fail Check Start
2018/11/10 10:52:14 AM Analog Fail Check Finish
2018/11/10 11:28:31 AM Analog Fail Check Start
2018/11/10 11:52:08 AM Analog Fail Check Finish
2018/11/10 02:05:21 PM Analog Fail Check Start
2018/11/10 02:28:54 PM Analog Fail Check Finish
2018/11/10 02:36:11 PM Analog Fail Check Start
2018/11/10 02:50:05 PM Analog Fail Check Start
2018/11/10 02:52:41 PM Analog Fail Check Finish
2018/11/10 02:56:57 PM Analog Fail Check Start
2018/11/10 02:59:19 PM Analog Fail Check Finish
2018/11/10 02:59:38 PM Analog Fail Check Start
2018/11/10 03:01:40 PM Analog Fail Check Finish
2018/11/10 03:24:26 PM Analog Fail Check Start
2018/11/10 03:26:31 PM Analog Fail Check Finish
2018/11/10 03:29:11 PM Analog Fail Check Start
2018/11/10 03:47:24 PM Analog Fail Check Start
2018/11/10 03:55:56 PM Analog Fail Check Start
2018/11/10 03:56:36 PM PowerCheck Start
2018/11/10 03:58:23 PM PowerCheck Finish
2018/11/10 04:47:05 PM Analog Fail Check Start
2018/11/10 05:17:22 PM Analog Fail Check Start
2018/11/10 10:51:33 PM Analog Fail Check Finish
