2018/11/02 10:40:18 AM PowerCheck Start
2018/11/02 10:52:33 AM PowerCheck Start
2018/11/02 10:52:57 AM PowerCheck Start
2018/11/02 11:26:38 AM PowerCheck Start
2018/11/02 11:27:48 AM PowerCheck Start
2018/11/02 11:28:02 AM PowerCheck Start
2018/11/02 02:54:26 PM PowerCheck Start
2018/11/02 02:55:28 PM PowerCheck Start
2018/11/02 02:55:28 PM PowerCheck Finish
2018/11/02 02:56:41 PM PowerCheck Start
2018/11/02 02:56:41 PM PowerCheck Finish
2018/11/02 02:57:09 PM PowerCheck Start
2018/11/02 02:57:09 PM PowerCheck Finish
2018/11/02 02:58:07 PM PowerCheck Start
2018/11/02 02:58:07 PM PowerCheck Finish
2018/11/02 02:59:16 PM PowerCheck Start
2018/11/02 02:59:16 PM PowerCheck Finish
2018/11/02 03:01:16 PM PowerCheck Start
2018/11/02 03:01:16 PM PowerCheck Finish
2018/11/02 03:02:43 PM PowerCheck Start
2018/11/02 03:02:43 PM PowerCheck Finish
2018/11/02 03:03:13 PM PowerCheck Start
2018/11/02 03:03:13 PM PowerCheck Finish
2018/11/02 03:03:58 PM PowerCheck Start
2018/11/02 03:03:58 PM PowerCheck Finish
2018/11/02 03:04:28 PM PowerCheck Start
2018/11/02 03:04:29 PM PowerCheck Finish
2018/11/02 03:04:32 PM PowerCheck Start
2018/11/02 03:04:32 PM PowerCheck Finish
2018/11/02 03:06:03 PM PowerCheck Start
2018/11/02 03:06:03 PM PowerCheck Finish
2018/11/02 03:06:35 PM Analog Fail Check Start
2018/11/02 03:07:01 PM Analog Fail Check Finish
2018/11/02 03:10:49 PM Analog Fail Check Start
2018/11/02 03:10:53 PM PowerCheck Start
2018/11/02 03:12:22 PM PowerCheck Start
2018/11/02 03:12:30 PM PowerCheck Start
2018/11/02 03:13:57 PM PowerCheck Finish
2018/11/02 03:15:55 PM PowerCheck Start
2018/11/02 03:17:17 PM PowerCheck Finish
2018/11/02 03:18:28 PM PowerCheck Start
2018/11/02 03:20:22 PM PowerCheck Start
2018/11/02 03:21:26 PM PowerCheck Start
2018/11/02 03:24:01 PM PowerCheck Start
2018/11/02 03:28:48 PM PowerCheck Start
2018/11/02 03:30:09 PM PowerCheck Finish
2018/11/02 03:47:00 PM PowerCheck Start
2018/11/02 03:51:47 PM PowerCheck Start
2018/11/02 03:54:30 PM PowerCheck Start
2018/11/02 03:57:43 PM PowerCheck Start
2018/11/02 04:05:58 PM PowerCheck Start
2018/11/02 04:10:05 PM PowerCheck Start
2018/11/02 04:11:26 PM PowerCheck Finish
2018/11/02 04:15:22 PM PowerCheck Start
2018/11/02 04:16:50 PM PowerCheck Finish
2018/11/02 09:10:43 PM PowerCheck Start
2018/11/02 09:22:47 PM PowerCheck Finish
