2018/11/09 09:24:21 AM PowerCheck Start
2018/11/09 09:29:10 AM PowerCheck Start
2018/11/09 09:56:17 AM PowerCheck Start
2018/11/09 10:02:16 AM PowerCheck Finish
2018/11/09 10:06:47 AM PowerCheck Start
2018/11/09 10:08:43 AM PowerCheck Start
2018/11/09 10:14:00 AM PowerCheck Finish
2018/11/09 11:40:11 AM Short Start
2018/11/09 11:41:00 AM Short Start
2018/11/09 02:03:02 PM Short Finish
2018/11/09 04:34:29 PM PowerCheck Start
2018/11/09 04:34:52 PM PowerCheck Start
2018/11/09 04:35:13 PM PowerCheck Start
2018/11/09 04:36:44 PM PowerCheck Finish
2018/11/09 04:40:59 PM PowerCheck Start
2018/11/09 05:19:08 PM PowerCheck Start
2018/11/09 05:19:45 PM PowerCheck Start
2018/11/09 05:20:22 PM PowerCheck Start
2018/11/09 05:52:56 PM PowerCheck Finish
2018/11/09 06:23:30 PM PowerCheck Start
2018/11/09 06:56:15 PM PowerCheck Finish
